<?xml version="1.0" encoding="UTF-8"?>
<!-- Generated by org.testng.reporters.JUnitXMLReporter -->
<testsuite hostname="BLR-L-RVISWANAT" name="Default test" tests="4" failures="0" timestamp="25 Mar 2016 10:23:14 GMT" time="0.032" errors="0">
  <testcase name="testMethodFour" time="0.016" classname="Rama.RestAuto.RegularExpressionGroupTest"/>
  <testcase name="testMethodOne" time="0.0" classname="Rama.RestAuto.RegularExpressionGroupTest"/>
  <testcase name="testMethodThree" time="0.0" classname="Rama.RestAuto.RegularExpressionGroupTest"/>
  <testcase name="testMethodTwo" time="0.0" classname="Rama.RestAuto.RegularExpressionGroupTest"/>
</testsuite> <!-- Default test -->
