<?xml version="1.0" encoding="UTF-8"?>
<testng-results skipped="0" failed="0" total="2" passed="2">
  <reporter-output>
  </reporter-output>
  <suite name="Group of group Suite" duration-ms="20" started-at="2016-03-25T10:49:30Z" finished-at="2016-03-25T10:49:30Z">
    <groups>
      <group name="include-test-one">
        <method signature="RegularExpressionGroupTest.testMethodOne()[pri:0, instance:Rama.RestAuto.RegularExpressionGroupTest@12bc6874]" name="testMethodOne" class="Rama.RestAuto.RegularExpressionGroupTest"/>
      </group> <!-- include-test-one -->
      <group name="include-test-two">
        <method signature="RegularExpressionGroupTest.testMethodTwo()[pri:0, instance:Rama.RestAuto.RegularExpressionGroupTest@12bc6874]" name="testMethodTwo" class="Rama.RestAuto.RegularExpressionGroupTest"/>
      </group> <!-- include-test-two -->
    </groups>
    <test name="Group of group Test" duration-ms="20" started-at="2016-03-25T10:49:30Z" finished-at="2016-03-25T10:49:30Z">
      <class name="Rama.RestAuto.RegularExpressionGroupTest">
        <test-method status="PASS" signature="testMethodOne()[pri:0, instance:Rama.RestAuto.RegularExpressionGroupTest@12bc6874]" name="testMethodOne" duration-ms="10" started-at="2016-03-25T16:19:30Z" finished-at="2016-03-25T16:19:30Z">
          <reporter-output>
          </reporter-output>
        </test-method> <!-- testMethodOne -->
        <test-method status="PASS" signature="testMethodTwo()[pri:0, instance:Rama.RestAuto.RegularExpressionGroupTest@12bc6874]" name="testMethodTwo" duration-ms="0" started-at="2016-03-25T16:19:30Z" finished-at="2016-03-25T16:19:30Z">
          <reporter-output>
          </reporter-output>
        </test-method> <!-- testMethodTwo -->
      </class> <!-- Rama.RestAuto.RegularExpressionGroupTest -->
    </test> <!-- Group of group Test -->
  </suite> <!-- Group of group Suite -->
</testng-results>
