<?xml version="1.0" encoding="UTF-8"?>
<testng-results skipped="0" failed="0" total="1" passed="1">
  <reporter-output>
  </reporter-output>
  <suite name="Default suite" duration-ms="11383" started-at="2016-03-27T15:20:56Z" finished-at="2016-03-27T15:21:07Z">
    <groups>
    </groups>
    <test name="Default test" duration-ms="11383" started-at="2016-03-27T15:20:56Z" finished-at="2016-03-27T15:21:07Z">
      <class name="Selenium.Auto.NewTest">
        <test-method status="PASS" signature="beforeSuite()[pri:0, instance:Selenium.Auto.NewTest@6e8dacdf]" name="beforeSuite" is-config="true" duration-ms="3867" started-at="2016-03-27T20:50:52Z" finished-at="2016-03-27T20:50:56Z">
          <reporter-output>
          </reporter-output>
        </test-method> <!-- beforeSuite -->
        <test-method status="PASS" signature="ClickLogin()[pri:0, instance:Selenium.Auto.NewTest@6e8dacdf]" name="ClickLogin" duration-ms="11364" started-at="2016-03-27T20:50:56Z" finished-at="2016-03-27T20:51:07Z">
          <reporter-output>
          </reporter-output>
        </test-method> <!-- ClickLogin -->
        <test-method status="PASS" signature="afterSuite()[pri:0, instance:Selenium.Auto.NewTest@6e8dacdf]" name="afterSuite" is-config="true" duration-ms="0" started-at="2016-03-27T20:51:07Z" finished-at="2016-03-27T20:51:07Z">
          <reporter-output>
          </reporter-output>
        </test-method> <!-- afterSuite -->
      </class> <!-- Selenium.Auto.NewTest -->
    </test> <!-- Default test -->
  </suite> <!-- Default suite -->
</testng-results>
